This is pdfTeX, Version 3.1415926-2.4-1.40.13 (TeX Live 2012/Debian) (format=pdflatex 2013.7.21)  25 AUG 2013 00:36
entering extended mode
 restricted \write18 enabled.
 %&-line parsing enabled.
**sig-alternate
(./sig-alternate.tex
LaTeX2e <2011/06/27>
Babel <v3.8m> and hyphenation patterns for english, dumylang, nohyphenation, lo
aded.
(/usr/share/texlive/texmf-dist/tex/latex/base/book.cls
Document Class: book 2007/10/19 v1.4h Standard LaTeX document class
(/usr/share/texlive/texmf-dist/tex/latex/base/bk12.clo
File: bk12.clo 2007/10/19 v1.4h Standard LaTeX file (size option)
)
\c@part=\count79
\c@chapter=\count80
\c@section=\count81
\c@subsection=\count82
\c@subsubsection=\count83
\c@paragraph=\count84
\c@subparagraph=\count85
\c@figure=\count86
\c@table=\count87
\abovecaptionskip=\skip41
\belowcaptionskip=\skip42
\bibindent=\dimen102
)
(/usr/share/texlive/texmf-dist/tex/latex/psnfss/times.sty
Package: times 2005/04/12 PSNFSS-v9.2a (SPQR) 
)
(/usr/share/texlive/texmf-dist/tex/latex/base/fontenc.sty
Package: fontenc 2005/09/27 v1.99g Standard LaTeX package

(/usr/share/texlive/texmf-dist/tex/latex/base/t1enc.def
File: t1enc.def 2005/09/27 v1.99g Standard LaTeX file
LaTeX Font Info:    Redeclaring font encoding T1 on input line 43.
))
(/usr/share/texlive/texmf-dist/tex/latex/base/inputenc.sty
Package: inputenc 2008/03/30 v1.1d Input encoding file
\inpenc@prehook=\toks14
\inpenc@posthook=\toks15

(/usr/share/texlive/texmf-dist/tex/latex/base/latin1.def
File: latin1.def 2008/03/30 v1.1d Input encoding file
))
(/usr/share/texlive/texmf-dist/tex/latex/a4wide/a4wide.sty
Package: a4wide 1994/08/30

(/usr/share/texlive/texmf-dist/tex/latex/ntgclass/a4.sty
Package: a4 2004/04/15 v1.2g A4 based page layout
))
(/usr/share/texlive/texmf-dist/tex/latex/fancyhdr/fancyhdr.sty
\fancy@headwidth=\skip43
\f@ncyO@elh=\skip44
\f@ncyO@erh=\skip45
\f@ncyO@olh=\skip46
\f@ncyO@orh=\skip47
\f@ncyO@elf=\skip48
\f@ncyO@erf=\skip49
\f@ncyO@olf=\skip50
\f@ncyO@orf=\skip51
)
(/usr/share/texlive/texmf-dist/tex/latex/subfigure/subfigure.sty
Package: subfigure 2002/03/15 v2.1.5 subfigure package
\subfigtopskip=\skip52
\subfigcapskip=\skip53
\subfigcaptopadj=\dimen103
\subfigbottomskip=\skip54
\subfigcapmargin=\dimen104
\subfiglabelskip=\skip55
\c@subfigure=\count88
\c@lofdepth=\count89
\c@subtable=\count90
\c@lotdepth=\count91

****************************************
* Local config file subfigure.cfg used *
****************************************
(/usr/share/texlive/texmf-dist/tex/latex/subfigure/subfigure.cfg)
\subfig@top=\skip56
\subfig@bottom=\skip57
)
(/usr/share/texlive/texmf-dist/tex/latex/float/float.sty
Package: float 2001/11/08 v1.3d Float enhancements (AL)
\c@float@type=\count92
\float@exts=\toks16
\float@box=\box26
\@float@everytoks=\toks17
\@floatcapt=\box27
)
(/usr/share/texlive/texmf-dist/tex/latex/graphics/graphicx.sty
Package: graphicx 1999/02/16 v1.0f Enhanced LaTeX Graphics (DPC,SPQR)

(/usr/share/texlive/texmf-dist/tex/latex/graphics/keyval.sty
Package: keyval 1999/03/16 v1.13 key=value parser (DPC)
\KV@toks@=\toks18
)
(/usr/share/texlive/texmf-dist/tex/latex/graphics/graphics.sty
Package: graphics 2009/02/05 v1.0o Standard LaTeX Graphics (DPC,SPQR)

(/usr/share/texlive/texmf-dist/tex/latex/graphics/trig.sty
Package: trig 1999/03/16 v1.09 sin cos tan (DPC)
)
(/usr/share/texlive/texmf-dist/tex/latex/latexconfig/graphics.cfg
File: graphics.cfg 2010/04/23 v1.9 graphics configuration of TeX Live
)
Package graphics Info: Driver file: pdftex.def on input line 91.

(/usr/share/texlive/texmf-dist/tex/latex/pdftex-def/pdftex.def
File: pdftex.def 2011/05/27 v0.06d Graphics/color for pdfTeX

(/usr/share/texlive/texmf-dist/tex/generic/oberdiek/infwarerr.sty
Package: infwarerr 2010/04/08 v1.3 Providing info/warning/error messages (HO)
)
(/usr/share/texlive/texmf-dist/tex/generic/oberdiek/ltxcmds.sty
Package: ltxcmds 2011/11/09 v1.22 LaTeX kernel commands for general use (HO)
)
\Gread@gobject=\count93
))
\Gin@req@height=\dimen105
\Gin@req@width=\dimen106
)
(/usr/share/texlive/texmf-dist/tex/latex/setspace/setspace.sty
Package: setspace 2011/12/19 v6.7a set line spacing
)
(/usr/share/texlive/texmf-dist/tex/latex/cite/cite.sty
LaTeX Info: Redefining \cite on input line 302.
LaTeX Info: Redefining \nocite on input line 373.
Package: cite 2010/09/10  v 5.3
)
\@float@every@algorithm=\toks19
\c@algorithm=\count94

(/usr/share/texlive/texmf-dist/tex/latex/tools/verbatim.sty
Package: verbatim 2003/08/22 v1.5q LaTeX2e package for verbatim enhancements
\every@verbatim=\toks20
\verbatim@line=\toks21
\verbatim@in@stream=\read1
)
(/usr/share/texlive/texmf-dist/tex/latex/graphics/color.sty
Package: color 2005/11/14 v1.0j Standard LaTeX Color (DPC)

(/usr/share/texlive/texmf-dist/tex/latex/latexconfig/color.cfg
File: color.cfg 2007/01/18 v1.5 color configuration of teTeX/TeXLive
)
Package color Info: Driver file: pdftex.def on input line 130.
)
(/usr/share/texlive/texmf-dist/tex/latex/colortbl/colortbl.sty
Package: colortbl 2012/02/13 v1.0a Color table columns (DPC)

(/usr/share/texlive/texmf-dist/tex/latex/tools/array.sty
Package: array 2008/09/09 v2.4c Tabular extension package (FMi)
\col@sep=\dimen107
\extrarowheight=\dimen108
\NC@list=\toks22
\extratabsurround=\skip58
\backup@length=\skip59
)
\everycr=\toks23
\minrowclearance=\skip60
)
(/usr/share/texlive/texmf-dist/tex/latex/url/url.sty
\Urlmuskip=\muskip10
Package: url 2006/04/12  ver 3.3  Verb mode for urls, etc.
)
(/usr/share/texlive/texmf-dist/tex/generic/epsf/epsf.tex
This is `epsf.tex' v2.7.4 <14 February 2011>
\epsffilein=\read2
\epsfframemargin=\dimen109
\epsfframethickness=\dimen110
\epsfrsize=\dimen111
\epsftmp=\dimen112
\epsftsize=\dimen113
\epsfxsize=\dimen114
\epsfysize=\dimen115
\pspoints=\dimen116
)

Package Fancyhdr Warning: \fancyhead's `E' option without twoside option is use
less on input line 48.

(/usr/share/texlive/texmf-dist/tex/generic/babel/babel.sty
Package: babel 2008/07/08 v3.8m The Babel package

(/usr/share/texlive/texmf-dist/tex/generic/babel/english.ldf
Language: english 2005/03/30 v3.3o English support from the babel system

(/usr/share/texlive/texmf-dist/tex/generic/babel/babel.def
File: babel.def 2008/07/08 v3.8m Babel common definitions
\babel@savecnt=\count95
\U@D=\dimen117
)
\l@british = a dialect from \language\l@english 
\l@UKenglish = a dialect from \language\l@english 
\l@canadian = a dialect from \language\l@american 
\l@australian = a dialect from \language\l@british 
\l@newzealand = a dialect from \language\l@british 
))
(./sig-alternate.aux

LaTeX Warning: Label `fig:realenv' multiply defined.


LaTeX Warning: Label `fig:realenv' multiply defined.


LaTeX Warning: Label `fig:realenv' multiply defined.


LaTeX Warning: Label `fig:realenv' multiply defined.

)
\openout1 = `sig-alternate.aux'.

LaTeX Font Info:    Checking defaults for OML/cmm/m/it on input line 55.
LaTeX Font Info:    ... okay on input line 55.
LaTeX Font Info:    Checking defaults for T1/cmr/m/n on input line 55.
LaTeX Font Info:    ... okay on input line 55.
LaTeX Font Info:    Checking defaults for OT1/cmr/m/n on input line 55.
LaTeX Font Info:    ... okay on input line 55.
LaTeX Font Info:    Checking defaults for OMS/cmsy/m/n on input line 55.
LaTeX Font Info:    ... okay on input line 55.
LaTeX Font Info:    Checking defaults for OMX/cmex/m/n on input line 55.
LaTeX Font Info:    ... okay on input line 55.
LaTeX Font Info:    Checking defaults for U/cmr/m/n on input line 55.
LaTeX Font Info:    ... okay on input line 55.
LaTeX Font Info:    Try loading font information for T1+ptm on input line 55.
 (/usr/share/texlive/texmf-dist/tex/latex/psnfss/t1ptm.fd
File: t1ptm.fd 2001/06/04 font definitions for T1/ptm.
)
(/usr/share/texlive/texmf-dist/tex/context/base/supp-pdf.mkii
[Loading MPS to PDF converter (version 2006.09.02).]
\scratchcounter=\count96
\scratchdimen=\dimen118
\scratchbox=\box28
\nofMPsegments=\count97
\nofMParguments=\count98
\everyMPshowfont=\toks24
\MPscratchCnt=\count99
\MPscratchDim=\dimen119
\MPnumerator=\count100
\makeMPintoPDFobject=\count101
\everyMPtoPDFconversion=\toks25
) (/usr/share/texlive/texmf-dist/tex/generic/oberdiek/pdftexcmds.sty
Package: pdftexcmds 2011/11/29 v0.20 Utility functions of pdfTeX for LuaTeX (HO
)

(/usr/share/texlive/texmf-dist/tex/generic/oberdiek/ifluatex.sty
Package: ifluatex 2010/03/01 v1.3 Provides the ifluatex switch (HO)
Package ifluatex Info: LuaTeX not detected.
)
(/usr/share/texlive/texmf-dist/tex/generic/oberdiek/ifpdf.sty
Package: ifpdf 2011/01/30 v2.3 Provides the ifpdf switch (HO)
Package ifpdf Info: pdfTeX in PDF mode is detected.
)
Package pdftexcmds Info: LuaTeX not detected.
Package pdftexcmds Info: \pdf@primitive is available.
Package pdftexcmds Info: \pdf@ifprimitive is available.
Package pdftexcmds Info: \pdfdraftmode found.
)
(/usr/share/texlive/texmf-dist/tex/latex/oberdiek/epstopdf-base.sty
Package: epstopdf-base 2010/02/09 v2.5 Base part for package epstopdf

(/usr/share/texlive/texmf-dist/tex/latex/oberdiek/grfext.sty
Package: grfext 2010/08/19 v1.1 Manage graphics extensions (HO)

(/usr/share/texlive/texmf-dist/tex/generic/oberdiek/kvdefinekeys.sty
Package: kvdefinekeys 2011/04/07 v1.3 Define keys (HO)
))
(/usr/share/texlive/texmf-dist/tex/latex/oberdiek/kvoptions.sty
Package: kvoptions 2011/06/30 v3.11 Key value format for package options (HO)

(/usr/share/texlive/texmf-dist/tex/generic/oberdiek/kvsetkeys.sty
Package: kvsetkeys 2012/04/25 v1.16 Key value parser (HO)

(/usr/share/texlive/texmf-dist/tex/generic/oberdiek/etexcmds.sty
Package: etexcmds 2011/02/16 v1.5 Avoid name clashes with e-TeX commands (HO)
Package etexcmds Info: Could not find \expanded.
(etexcmds)             That can mean that you are not using pdfTeX 1.50 or
(etexcmds)             that some package has redefined \expanded.
(etexcmds)             In the latter case, load this package earlier.
)))
Package grfext Info: Graphics extension search list:
(grfext)             [.png,.pdf,.jpg,.mps,.jpeg,.jbig2,.jb2,.PNG,.PDF,.JPG,.JPE
G,.JBIG2,.JB2,.eps]
(grfext)             \AppendGraphicsExtensions on input line 452.

(/usr/share/texlive/texmf-dist/tex/latex/latexconfig/epstopdf-sys.cfg
File: epstopdf-sys.cfg 2010/07/13 v1.3 Configuration of (r)epstopdf for TeX Liv
e
))
LaTeX Font Info:    External font `cmex10' loaded for size
(Font)              <12> on input line 81.
LaTeX Font Info:    External font `cmex10' loaded for size
(Font)              <8> on input line 81.
LaTeX Font Info:    External font `cmex10' loaded for size
(Font)              <6> on input line 81.

Overfull \hbox (17.62482pt too wide) in paragraph at lines 56--83
[]$[]$ 
 []

[1

{/var/lib/texmf/fonts/map/pdftex/updmap/pdftex.map}]
LaTeX Font Info:    Font shape `T1/ptm/bx/n' in size <24.88> not available
(Font)              Font shape `T1/ptm/b/n' tried instead on input line 90.
 [2

]
LaTeX Font Info:    Font shape `T1/ptm/bx/n' in size <12> not available
(Font)              Font shape `T1/ptm/b/n' tried instead on input line 116.
 [3

]
(./sig-alternate.toc [4

]

Package Fancyhdr Warning: \headheight is too small (12.0pt): 
 Make it at least 14.49998pt.
 We now make it that large for the rest of the document.
 This may cause the page layout to be inconsistent, however.

[5])
\tf@toc=\write3
\openout3 = `sig-alternate.toc'.

 [6] [7


] (./sig-alternate.lof)
\tf@lof=\write4
\openout4 = `sig-alternate.lof'.

 [8

] (./sig-alternate.lot)
\tf@lot=\write5
\openout5 = `sig-alternate.lot'.

 [1

]
Chapter 1.
LaTeX Font Info:    Font shape `T1/ptm/bx/n' in size <17.28> not available
(Font)              Font shape `T1/ptm/b/n' tried instead on input line 159.
[2

] [3] [4]
Chapter 2.
LaTeX Font Info:    Font shape `T1/ptm/bx/n' in size <14.4> not available
(Font)              Font shape `T1/ptm/b/n' tried instead on input line 228.
[5

] <figures/meridian_arch.png, id=48, 730.73pt x 405.515pt>
File: figures/meridian_arch.png Graphic file (type png)

<use figures/meridian_arch.png>
Package pdftex.def Info: figures/meridian_arch.png used on input line 261.
(pdftex.def)             Requested size: 368.57838pt x 204.53903pt.
 [6] [7 <./figures/meridian_arch.png>]
Overfull \hbox (2.55597pt too wide) in paragraph at lines 281--282
[]\T1/ptm/m/n/12 ''Mininet is a net-work em-u-la-tor which cre-ates a net-work 
of vir-tual hosts, switches,
 []

LaTeX Font Info:    Try loading font information for OMS+ptm on input line 295.

(/usr/share/texlive/texmf-dist/tex/latex/psnfss/omsptm.fd
File: omsptm.fd 
)
LaTeX Font Info:    Font shape `OMS/ptm/m/n' in size <12> not available
(Font)              Font shape `OMS/cmsy/m/n' tried instead on input line 295.
 [8] [9] [10]
Chapter 3.
[11

] [12] [13] <figures/emulator_new.png, id=77, 986.68625pt x 664.4825pt>
File: figures/emulator_new.png Graphic file (type png)

<use figures/emulator_new.png>
Package pdftex.def Info: figures/emulator_new.png used on input line 367.
(pdftex.def)             Requested size: 368.57838pt x 248.2171pt.
 [14 <./figures/emulator_new.png>] [15] [16]
[17] <figures/stats_portstats.png, id=91, 316.18124pt x 343.2825pt>
File: figures/stats_portstats.png Graphic file (type png)

<use figures/stats_portstats.png>
Package pdftex.def Info: figures/stats_portstats.png used on input line 483.
(pdftex.def)             Requested size: 184.28918pt x 200.08873pt.

<figures/stats_flowstats.png, id=92, 399.4925pt x 324.21124pt>
File: figures/stats_flowstats.png Graphic file (type png)

<use figures/stats_flowstats.png>
Package pdftex.def Info: figures/stats_flowstats.png used on input line 489.
(pdftex.def)             Requested size: 230.36061pt x 186.94934pt.
 [18] [19 <./figures/stats_portstats.png> <./figures/stats_flowstats.png>] [20]
 [21]
<figures/webplat_panel.png, id=107, 1126.2075pt x 705.63625pt>
File: figures/webplat_panel.png Graphic file (type png)

<use figures/webplat_panel.png>
Package pdftex.def Info: figures/webplat_panel.png used on input line 573.
(pdftex.def)             Requested size: 460.72124pt x 288.6667pt.

<figures/webplat_vmgroup.png, id=108, 1123.19624pt x 716.6775pt>
File: figures/webplat_vmgroup.png Graphic file (type png)

<use figures/webplat_vmgroup.png>
Package pdftex.def Info: figures/webplat_vmgroup.png used on input line 580.
(pdftex.def)             Requested size: 460.72124pt x 293.9709pt.

<figures/webplat_vmlist.png, id=109, 1126.2075pt x 627.34375pt>
File: figures/webplat_vmlist.png Graphic file (type png)

<use figures/webplat_vmlist.png>
Package pdftex.def Info: figures/webplat_vmlist.png used on input line 587.
(pdftex.def)             Requested size: 460.72124pt x 256.63824pt.

<figures/webplat_vmreq.png, id=110, 1124.2pt x 655.44875pt>
File: figures/webplat_vmreq.png Graphic file (type png)

<use figures/webplat_vmreq.png>
Package pdftex.def Info: figures/webplat_vmreq.png used on input line 594.
(pdftex.def)             Requested size: 460.72124pt x 268.6157pt.
 [22 <./figures/webplat_panel.png>] [23 <./figures/webplat_vmgroup.png> <./figu
res/webplat_vmlist.png>] [24 <./figures/webplat_vmreq.png>] <figures/realenviro
nment.jpg, id=125, 963.6pt x 722.7pt>
File: figures/realenvironment.jpg Graphic file (type jpg)

<use figures/realenvironment.jpg>
Package pdftex.def Info: figures/realenvironment.jpg used on input line 644.
(pdftex.def)             Requested size: 322.50345pt x 241.87717pt.
LaTeX Font Info:    Try loading font information for T1+pcr on input line 649.

(/usr/share/texlive/texmf-dist/tex/latex/psnfss/t1pcr.fd
File: t1pcr.fd 2001/06/04 font definitions for T1/pcr.
) [25 <./figures/realenvironment.jpg>]
Overfull \hbox (122.47852pt too wide) in paragraph at lines 665--665
[]\T1/pcr/m/n/12 1 NIC Realtek Semiconductor RTL8111/8168B Pci Express Gigabit 
Ethernet Controller[] 
 []


Overfull \hbox (309.67844pt too wide) in paragraph at lines 673--673
[]\T1/pcr/m/n/12 NIC Marvell Technology Group Ltd. Yukon Optima 88E8059 [PCIe G
igabit Ethernet Controller with AVB] (rev 11)[] 
 []


Overfull \hbox (122.47852pt too wide) in paragraph at lines 682--682
[]\T1/pcr/m/n/12 1 NIC Realtek Semiconductor RTL8111/8168B Pci Express Gigabit 
Ethernet Controller[] 
 []

[26] [27] [28]
Overfull \hbox (12.1481pt too wide) in paragraph at lines 736--737
\T1/ptm/m/n/12 ''open-flowlib.ofp_action_enqueue(port = switch_port, queue_id =
 queue_type))'', which
 []

[29] <figures/ofqos.png, id=143, 662.475pt x 412.54124pt>
File: figures/ofqos.png Graphic file (type png)

<use figures/ofqos.png>
Package pdftex.def Info: figures/ofqos.png used on input line 751.
(pdftex.def)             Requested size: 368.57838pt x 229.52335pt.

<figures/ofqosexample.png, id=144, 513.92pt x 71.26625pt>
File: figures/ofqosexample.png Graphic file (type png)

<use figures/ofqosexample.png>
Package pdftex.def Info: figures/ofqosexample.png used on input line 759.
(pdftex.def)             Requested size: 276.43555pt x 38.3342pt.
 [30 <./figures/ofqos.png> <./figures/ofqosexample.png>] [31]
Chapter 4.
<figures/figure1.pdf, id=152, 722.7pt x 542.025pt>
File: figures/figure1.pdf Graphic file (type pdf)
 <use figures/figure1.pdf>
Package pdftex.def Info: figures/figure1.pdf used on input line 793.
(pdftex.def)             Requested size: 207.32315pt x 155.48773pt.

[32

] <figures/use_case.png, id=157, 642.4pt x 481.8pt>
File: figures/use_case.png Graphic file (type png)

<use figures/use_case.png>
Package pdftex.def Info: figures/use_case.png used on input line 804.
(pdftex.def)             Requested size: 207.32315pt x 155.48773pt.
 [33 <./figures/figure1.pdf> <./figures/use_case.png>] [34] <figures/bw_utiliza
tion.png, id=214, 642.4pt x 481.8pt>
File: figures/bw_utilization.png Graphic file (type png)

<use figures/bw_utilization.png>
Package pdftex.def Info: figures/bw_utilization.png used on input line 832.
(pdftex.def)             Requested size: 276.43555pt x 207.3317pt.
 <figures/topo.png, id=215, 642.4pt x 481.8pt>
File: figures/topo.png Graphic file (type png)

<use figures/topo.png>
Package pdftex.def Info: figures/topo.png used on input line 844.
(pdftex.def)             Requested size: 276.43555pt x 207.3317pt.
 [35 <./figures/bw_utilization.png>]
<figures/out_hosts_ratio.png, id=221, 642.4pt x 481.8pt>
File: figures/out_hosts_ratio.png Graphic file (type png)

<use figures/out_hosts_ratio.png>
Package pdftex.def Info: figures/out_hosts_ratio.png used on input line 858.
(pdftex.def)             Requested size: 276.43555pt x 207.3317pt.

<figures/mem1_utilization.png, id=222, 642.4pt x 481.8pt>
File: figures/mem1_utilization.png Graphic file (type png)

<use figures/mem1_utilization.png>
Package pdftex.def Info: figures/mem1_utilization.png used on input line 864.
(pdftex.def)             Requested size: 276.43555pt x 207.3317pt.
 [36 <./figures/topo.png> <./figures/out_hosts_ratio.png>] <figures/mem2_utiliz
ation.png, id=228, 642.4pt x 481.8pt>
File: figures/mem2_utilization.png Graphic file (type png)

<use figures/mem2_utilization.png>
Package pdftex.def Info: figures/mem2_utilization.png used on input line 882.
(pdftex.def)             Requested size: 276.43555pt x 207.3317pt.
 [37 <./figures/mem1_utilization.png>]
[38 <./figures/mem2_utilization.png>]
Chapter 5.
[39

]
Appendix A.

Overfull \hbox (50.47855pt too wide) in paragraph at lines 916--916
[]\T1/pcr/m/n/12 #host_detectacle_time - time in seconds in which the hosts sen
d packets[] 
 []

[40

]
Overfull \hbox (21.67856pt too wide) in paragraph at lines 924--924
[]\T1/pcr/m/n/12 #edgetoagglinkno - number of links that connect each edge swit
ch to[] 
 []


Overfull \hbox (50.47855pt too wide) in paragraph at lines 926--926
[]\T1/pcr/m/n/12 #aggtocorelinkno - number of links that connect each aggregati
on switch[] 
 []


Overfull \hbox (21.67856pt too wide) in paragraph at lines 928--928
[]\T1/pcr/m/n/12 #coretooutlinkno - number of links that connect each core swit
ch to[] 
 []


Overfull \hbox (302.47844pt too wide) in paragraph at lines 949--949
[]\T1/pcr/m/n/12 # (please use lower numbers for higher priority so the control
ler can assign premium users to this queues)[] 
 []

[41] [42] (./sig-alternate.bbl
Underfull \hbox (badness 10000) in paragraph at lines 22--25
[]\T1/ptm/m/n/12 O. Bal-don-ado, SDN, Open-Flow, and next-generation data cen-t
er net-works.
 []


Underfull \hbox (badness 10000) in paragraph at lines 22--25
\T1/ptm/m/it/12 http://www.eetimes.com/design/embedded/43715 43/SDN--OpenFlow--
and-next-
 []

[43



]
Underfull \hbox (badness 10000) in paragraph at lines 59--61
[]\T1/ptm/m/n/12 A. Ku-mar, N. Sid-dhartha, A. Soni, and K. Dubey.
 []


Underfull \hbox (badness 10000) in paragraph at lines 73--76
[]\T1/ptm/m/n/12 IBM Smart Cloud Pro-vi-sion-ing Home Page.  \T1/ptm/m/it/12 ht
tp://www-
 []

[44]) [45] (./sig-alternate.aux)

LaTeX Warning: There were multiply-defined labels.

 ) 
Here is how much of TeX's memory you used:
 3144 strings out of 495059
 42989 string characters out of 3182030
 98121 words of memory out of 3000000
 6208 multiletter control sequences out of 15000+200000
 34418 words of font info for 45 fonts, out of 3000000 for 9000
 14 hyphenation exceptions out of 8191
 38i,12n,43p,1048b,388s stack positions out of 5000i,500n,10000p,200000b,50000s
{/usr/share/texlive/texmf-dist/fonts/enc/dvips/base/8r.enc}</usr/share/texliv
e/texmf-dist/fonts/type1/public/amsfonts/cm/cmr12.pfb></usr/share/texlive/texmf
-dist/fonts/type1/public/amsfonts/cm/cmsy10.pfb></usr/share/texlive/texmf-dist/
fonts/type1/urw/courier/ucrr8a.pfb></usr/share/texlive/texmf-dist/fonts/type1/u
rw/times/utmb8a.pfb></usr/share/texlive/texmf-dist/fonts/type1/urw/times/utmr8a
.pfb></usr/share/texlive/texmf-dist/fonts/type1/urw/times/utmr8a.pfb></usr/shar
e/texlive/texmf-dist/fonts/type1/urw/times/utmri8a.pfb>
Output written on sig-alternate.pdf (53 pages, 831264 bytes).
PDF statistics:
 287 PDF objects out of 1000 (max. 8388607)
 145 compressed objects within 2 object streams
 0 named destinations out of 1000 (max. 500000)
 91 words of extra memory for PDF output out of 10000 (max. 10000000)

